#
# There is insufficient memory for the Java Runtime Environment to continue.
# Native memory allocation (malloc) failed to allocate 32744 bytes for ChunkPool::allocate
# Possible reasons:
#   The system is out of physical RAM or swap space
#   The process is running with CompressedOops enabled, and the Java Heap may be blocking the growth of the native heap
# Possible solutions:
#   Reduce memory load on the system
#   Increase physical memory or swap space
#   Check if swap backing store is full
#   Decrease Java heap size (-Xmx/-Xms)
#   Decrease number of Java threads
#   Decrease Java thread stack sizes (-Xss)
#   Set larger code cache with -XX:ReservedCodeCacheSize=
#   JVM is running with Unscaled Compressed Oops mode in which the Java heap is
#     placed in the first 4GB address space. The Java Heap base address is the
#     maximum limit for the native heap growth. Please use -XX:HeapBaseMinAddress
#     to set the Java Heap base and to place the Java Heap above 4GB virtual address.
# This output file may be truncated or incomplete.
#
#  Out of Memory Error (arena.cpp:78), pid=15044, tid=1372
#
# JRE version: OpenJDK Runtime Environment JBR-17.0.7+7-1000.6-jcef (17.0.7+7) (build 17.0.7+7-b1000.6)
# Java VM: OpenJDK 64-Bit Server VM JBR-17.0.7+7-1000.6-jcef (17.0.7+7-b1000.6, mixed mode, tiered, compressed oops, compressed class ptrs, g1 gc, windows-amd64)
# No core dump will be written. Minidumps are not enabled by default on client versions of Windows
#

---------------  S U M M A R Y ------------

Command Line: -Djava.rmi.server.hostname=127.0.0.1 -Duser.timezone=UTC -Xmx2048m -Xms128m -Djna.boot.library.path=C:\Program Files\JetBrains\IntelliJ IDEA 2023.2/lib/jna/amd64 -Djna.nosys=true -Djna.noclasspath=true -Djdbc.classpath=C:\Program Files\JetBrains\IntelliJ IDEA 2023.2\plugins\DatabaseTools\lib\jdbc-console.jar;C:\Users\DANG HAI\AppData\Roaming\JetBrains\IntelliJIdea2023.2\jdbc-drivers\MySQL ConnectorJ\8.0.25\mysql-connector-java-8.0.25.jar --add-exports=java.desktop/sun.awt=ALL-UNNAMED --add-exports=java.desktop/java.awt.peer=ALL-UNNAMED --add-opens=java.desktop/java.awt=ALL-UNNAMED --add-opens=jdk.unsupported/sun.misc=ALL-UNNAMED --add-opens=java.base/java.nio=ALL-UNNAMED --add-opens=java.base/java.util=ALL-UNNAMED -Dfile.encoding=UTF-8 com.intellij.database.remote.RemoteJdbcServer com.mysql.cj.jdbc.Driver

Host: Intel(R) Core(TM) i5-7300HQ CPU @ 2.50GHz, 4 cores, 7G,  Windows 10 , 64 bit Build 19041 (10.0.19041.804)
Time: Thu Sep  7 16:41:11 2023 SE Asia Standard Time elapsed time: 0.463360 seconds (0d 0h 0m 0s)

---------------  T H R E A D  ---------------

Current thread (0x0000028dc2016d20):  JavaThread "C1 CompilerThread0" daemon [_thread_in_native, id=1372, stack(0x000000a073c00000,0x000000a073d00000)]


Current CompileTask:
C1:    463  436       3       sun.security.provider.ByteArrayAccess::b2iBig64 (231 bytes)

Stack: [0x000000a073c00000,0x000000a073d00000]
Native frames: (J=compiled Java code, j=interpreted, Vv=VM code, C=native code)
V  [jvm.dll+0x683bfa]
V  [jvm.dll+0x8430a4]
V  [jvm.dll+0x8449be]
V  [jvm.dll+0x845023]
V  [jvm.dll+0x24ad2f]
V  [jvm.dll+0xac47c]
V  [jvm.dll+0xac82c]
V  [jvm.dll+0x17d9af]
V  [jvm.dll+0x17c53b]
V  [jvm.dll+0x136cd3]
V  [jvm.dll+0x1365cf]
V  [jvm.dll+0x136806]
V  [jvm.dll+0x135c9a]
V  [jvm.dll+0x137961]
V  [jvm.dll+0x22c148]
V  [jvm.dll+0x22a209]
V  [jvm.dll+0x7f858c]
V  [jvm.dll+0x7f2aea]
V  [jvm.dll+0x682a35]
C  [ucrtbase.dll+0x21bb2]
C  [KERNEL32.DLL+0x17034]
C  [ntdll.dll+0x52651]


---------------  P R O C E S S  ---------------

Threads class SMR info:
_java_thread_list=0x0000028dc2286e30, length=14, elements={
0x0000028da451c110, 0x0000028dbdd73ec0, 0x0000028dbdd75660, 0x0000028dbddc3510,
0x0000028dc20110d0, 0x0000028dc2011990, 0x0000028dc20129f0, 0x0000028dc2014f40,
0x0000028dc2016d20, 0x0000028dc2018bf0, 0x0000028dc21a30c0, 0x0000028dc21ab5c0,
0x0000028da451cfd0, 0x0000028dc22acc60
}

Java Threads: ( => current thread )
  0x0000028da451c110 JavaThread "main" [_thread_in_vm, id=10372, stack(0x000000a072e00000,0x000000a072f00000)]
  0x0000028dbdd73ec0 JavaThread "Reference Handler" daemon [_thread_blocked, id=8208, stack(0x000000a073500000,0x000000a073600000)]
  0x0000028dbdd75660 JavaThread "Finalizer" daemon [_thread_blocked, id=4224, stack(0x000000a073600000,0x000000a073700000)]
  0x0000028dbddc3510 JavaThread "Signal Dispatcher" daemon [_thread_blocked, id=4088, stack(0x000000a073700000,0x000000a073800000)]
  0x0000028dc20110d0 JavaThread "Attach Listener" daemon [_thread_blocked, id=15132, stack(0x000000a073800000,0x000000a073900000)]
  0x0000028dc2011990 JavaThread "Service Thread" daemon [_thread_blocked, id=14228, stack(0x000000a073900000,0x000000a073a00000)]
  0x0000028dc20129f0 JavaThread "Monitor Deflation Thread" daemon [_thread_blocked, id=7988, stack(0x000000a073a00000,0x000000a073b00000)]
  0x0000028dc2014f40 JavaThread "C2 CompilerThread0" daemon [_thread_blocked, id=7648, stack(0x000000a073b00000,0x000000a073c00000)]
=>0x0000028dc2016d20 JavaThread "C1 CompilerThread0" daemon [_thread_in_native, id=1372, stack(0x000000a073c00000,0x000000a073d00000)]
  0x0000028dc2018bf0 JavaThread "Sweeper thread" daemon [_thread_blocked, id=7932, stack(0x000000a073d00000,0x000000a073e00000)]
  0x0000028dc21a30c0 JavaThread "Common-Cleaner" daemon [_thread_blocked, id=16984, stack(0x000000a073e00000,0x000000a073f00000)]
  0x0000028dc21ab5c0 JavaThread "Notification Thread" daemon [_thread_blocked, id=14512, stack(0x000000a073f00000,0x000000a074000000)]
  0x0000028da451cfd0 JavaThread "C2 CompilerThread1" daemon [_thread_in_native, id=7748, stack(0x000000a074100000,0x000000a074200000)]
  0x0000028dc22acc60 JavaThread "mysql-cj-abandoned-connection-cleanup" daemon [_thread_blocked, id=3800, stack(0x000000a074200000,0x000000a074300000)]

Other Threads:
  0x0000028dbdd97940 VMThread "VM Thread" [stack: 0x000000a073400000,0x000000a073500000] [id=7480]
  0x0000028dc21abea0 WatcherThread [stack: 0x000000a074000000,0x000000a074100000] [id=10228]
  0x0000028da4579480 GCTaskThread "GC Thread#0" [stack: 0x000000a072f00000,0x000000a073000000] [id=14856]
  0x0000028da458a2d0 ConcurrentGCThread "G1 Main Marker" [stack: 0x000000a073000000,0x000000a073100000] [id=13912]
  0x0000028da458c3a0 ConcurrentGCThread "G1 Conc#0" [stack: 0x000000a073100000,0x000000a073200000] [id=13696]
  0x0000028da45e22a0 ConcurrentGCThread "G1 Refine#0" [stack: 0x000000a073200000,0x000000a073300000] [id=8524]
  0x0000028da45e4380 ConcurrentGCThread "G1 Service" [stack: 0x000000a073300000,0x000000a073400000] [id=7476]

Threads with active compile tasks:
C1 CompilerThread0      471  436       3       sun.security.provider.ByteArrayAccess::b2iBig64 (231 bytes)
C2 CompilerThread1      471  445 %     4       sun.security.provider.SHA::implCompress0 @ 27 (506 bytes)

VM state: not at safepoint (normal execution)

VM Mutex/Monitor currently owned by a thread: None

Heap address: 0x0000000080000000, size: 2048 MB, Compressed Oops mode: 32-bit

CDS archive(s) not mapped
Compressed class space mapped at: 0x0000000100000000-0x0000000140000000, reserved size: 1073741824
Narrow klass base: 0x0000000000000000, Narrow klass shift: 3, Narrow klass range: 0x140000000

GC Precious Log:
 CPUs: 4 total, 4 available
 Memory: 8076M
 Large Page Support: Disabled
 NUMA Support: Disabled
 Compressed Oops: Enabled (32-bit)
 Heap Region Size: 1M
 Heap Min Capacity: 128M
 Heap Initial Capacity: 128M
 Heap Max Capacity: 2G
 Pre-touch: Disabled
 Parallel Workers: 4
 Concurrent Workers: 1
 Concurrent Refinement Workers: 4
 Periodic GC: Disabled

Heap:
 garbage-first heap   total 131072K, used 8192K [0x0000000080000000, 0x0000000100000000)
  region size 1024K, 6 young (6144K), 0 survivors (0K)
 Metaspace       used 9643K, committed 9856K, reserved 1114112K
  class space    used 942K, committed 1024K, reserved 1048576K

Heap Regions: E=young(eden), S=young(survivor), O=old, HS=humongous(starts), HC=humongous(continues), CS=collection set, F=free, OA=open archive, CA=closed archive, TAMS=top-at-mark-start (previous, next)
|   0|0x0000000080000000, 0x0000000080100000, 0x0000000080100000|100%|HS|  |TAMS 0x0000000080000000, 0x0000000080000000| Complete 
|   1|0x0000000080100000, 0x0000000080200000, 0x0000000080200000|100%|HC|  |TAMS 0x0000000080100000, 0x0000000080100000| Complete 
|   2|0x0000000080200000, 0x0000000080300000, 0x0000000080300000|100%|HC|  |TAMS 0x0000000080200000, 0x0000000080200000| Complete 
|   3|0x0000000080300000, 0x0000000080400000, 0x0000000080400000|100%|HS|  |TAMS 0x0000000080300000, 0x0000000080300000| Complete 
|   4|0x0000000080400000, 0x0000000080400000, 0x0000000080500000|  0%| F|  |TAMS 0x0000000080400000, 0x0000000080400000| Untracked 
|   5|0x0000000080500000, 0x0000000080500000, 0x0000000080600000|  0%| F|  |TAMS 0x0000000080500000, 0x0000000080500000| Untracked 
|   6|0x0000000080600000, 0x0000000080600000, 0x0000000080700000|  0%| F|  |TAMS 0x0000000080600000, 0x0000000080600000| Untracked 
|   7|0x0000000080700000, 0x0000000080700000, 0x0000000080800000|  0%| F|  |TAMS 0x0000000080700000, 0x0000000080700000| Untracked 
|   8|0x0000000080800000, 0x0000000080800000, 0x0000000080900000|  0%| F|  |TAMS 0x0000000080800000, 0x0000000080800000| Untracked 
|   9|0x0000000080900000, 0x0000000080900000, 0x0000000080a00000|  0%| F|  |TAMS 0x0000000080900000, 0x0000000080900000| Untracked 
|  10|0x0000000080a00000, 0x0000000080a00000, 0x0000000080b00000|  0%| F|  |TAMS 0x0000000080a00000, 0x0000000080a00000| Untracked 
|  11|0x0000000080b00000, 0x0000000080b00000, 0x0000000080c00000|  0%| F|  |TAMS 0x0000000080b00000, 0x0000000080b00000| Untracked 
|  12|0x0000000080c00000, 0x0000000080c00000, 0x0000000080d00000|  0%| F|  |TAMS 0x0000000080c00000, 0x0000000080c00000| Untracked 
|  13|0x0000000080d00000, 0x0000000080d00000, 0x0000000080e00000|  0%| F|  |TAMS 0x0000000080d00000, 0x0000000080d00000| Untracked 
|  14|0x0000000080e00000, 0x0000000080e00000, 0x0000000080f00000|  0%| F|  |TAMS 0x0000000080e00000, 0x0000000080e00000| Untracked 
|  15|0x0000000080f00000, 0x0000000080f00000, 0x0000000081000000|  0%| F|  |TAMS 0x0000000080f00000, 0x0000000080f00000| Untracked 
|  16|0x0000000081000000, 0x0000000081000000, 0x0000000081100000|  0%| F|  |TAMS 0x0000000081000000, 0x0000000081000000| Untracked 
|  17|0x0000000081100000, 0x0000000081100000, 0x0000000081200000|  0%| F|  |TAMS 0x0000000081100000, 0x0000000081100000| Untracked 
|  18|0x0000000081200000, 0x0000000081200000, 0x0000000081300000|  0%| F|  |TAMS 0x0000000081200000, 0x0000000081200000| Untracked 
|  19|0x0000000081300000, 0x0000000081300000, 0x0000000081400000|  0%| F|  |TAMS 0x0000000081300000, 0x0000000081300000| Untracked 
|  20|0x0000000081400000, 0x0000000081400000, 0x0000000081500000|  0%| F|  |TAMS 0x0000000081400000, 0x0000000081400000| Untracked 
|  21|0x0000000081500000, 0x0000000081500000, 0x0000000081600000|  0%| F|  |TAMS 0x0000000081500000, 0x0000000081500000| Untracked 
|  22|0x0000000081600000, 0x0000000081600000, 0x0000000081700000|  0%| F|  |TAMS 0x0000000081600000, 0x0000000081600000| Untracked 
|  23|0x0000000081700000, 0x0000000081700000, 0x0000000081800000|  0%| F|  |TAMS 0x0000000081700000, 0x0000000081700000| Untracked 
|  24|0x0000000081800000, 0x0000000081800000, 0x0000000081900000|  0%| F|  |TAMS 0x0000000081800000, 0x0000000081800000| Untracked 
|  25|0x0000000081900000, 0x0000000081900000, 0x0000000081a00000|  0%| F|  |TAMS 0x0000000081900000, 0x0000000081900000| Untracked 
|  26|0x0000000081a00000, 0x0000000081a00000, 0x0000000081b00000|  0%| F|  |TAMS 0x0000000081a00000, 0x0000000081a00000| Untracked 
|  27|0x0000000081b00000, 0x0000000081b00000, 0x0000000081c00000|  0%| F|  |TAMS 0x0000000081b00000, 0x0000000081b00000| Untracked 
|  28|0x0000000081c00000, 0x0000000081c00000, 0x0000000081d00000|  0%| F|  |TAMS 0x0000000081c00000, 0x0000000081c00000| Untracked 
|  29|0x0000000081d00000, 0x0000000081d00000, 0x0000000081e00000|  0%| F|  |TAMS 0x0000000081d00000, 0x0000000081d00000| Untracked 
|  30|0x0000000081e00000, 0x0000000081e00000, 0x0000000081f00000|  0%| F|  |TAMS 0x0000000081e00000, 0x0000000081e00000| Untracked 
|  31|0x0000000081f00000, 0x0000000081f00000, 0x0000000082000000|  0%| F|  |TAMS 0x0000000081f00000, 0x0000000081f00000| Untracked 
|  32|0x0000000082000000, 0x0000000082000000, 0x0000000082100000|  0%| F|  |TAMS 0x0000000082000000, 0x0000000082000000| Untracked 
|  33|0x0000000082100000, 0x0000000082100000, 0x0000000082200000|  0%| F|  |TAMS 0x0000000082100000, 0x0000000082100000| Untracked 
|  34|0x0000000082200000, 0x0000000082200000, 0x0000000082300000|  0%| F|  |TAMS 0x0000000082200000, 0x0000000082200000| Untracked 
|  35|0x0000000082300000, 0x0000000082300000, 0x0000000082400000|  0%| F|  |TAMS 0x0000000082300000, 0x0000000082300000| Untracked 
|  36|0x0000000082400000, 0x0000000082400000, 0x0000000082500000|  0%| F|  |TAMS 0x0000000082400000, 0x0000000082400000| Untracked 
|  37|0x0000000082500000, 0x0000000082500000, 0x0000000082600000|  0%| F|  |TAMS 0x0000000082500000, 0x0000000082500000| Untracked 
|  38|0x0000000082600000, 0x0000000082600000, 0x0000000082700000|  0%| F|  |TAMS 0x0000000082600000, 0x0000000082600000| Untracked 
|  39|0x0000000082700000, 0x0000000082700000, 0x0000000082800000|  0%| F|  |TAMS 0x0000000082700000, 0x0000000082700000| Untracked 
|  40|0x0000000082800000, 0x0000000082800000, 0x0000000082900000|  0%| F|  |TAMS 0x0000000082800000, 0x0000000082800000| Untracked 
|  41|0x0000000082900000, 0x0000000082900000, 0x0000000082a00000|  0%| F|  |TAMS 0x0000000082900000, 0x0000000082900000| Untracked 
|  42|0x0000000082a00000, 0x0000000082a00000, 0x0000000082b00000|  0%| F|  |TAMS 0x0000000082a00000, 0x0000000082a00000| Untracked 
|  43|0x0000000082b00000, 0x0000000082b00000, 0x0000000082c00000|  0%| F|  |TAMS 0x0000000082b00000, 0x0000000082b00000| Untracked 
|  44|0x0000000082c00000, 0x0000000082c00000, 0x0000000082d00000|  0%| F|  |TAMS 0x0000000082c00000, 0x0000000082c00000| Untracked 
|  45|0x0000000082d00000, 0x0000000082d00000, 0x0000000082e00000|  0%| F|  |TAMS 0x0000000082d00000, 0x0000000082d00000| Untracked 
|  46|0x0000000082e00000, 0x0000000082e00000, 0x0000000082f00000|  0%| F|  |TAMS 0x0000000082e00000, 0x0000000082e00000| Untracked 
|  47|0x0000000082f00000, 0x0000000082f00000, 0x0000000083000000|  0%| F|  |TAMS 0x0000000082f00000, 0x0000000082f00000| Untracked 
|  48|0x0000000083000000, 0x0000000083000000, 0x0000000083100000|  0%| F|  |TAMS 0x0000000083000000, 0x0000000083000000| Untracked 
|  49|0x0000000083100000, 0x0000000083100000, 0x0000000083200000|  0%| F|  |TAMS 0x0000000083100000, 0x0000000083100000| Untracked 
|  50|0x0000000083200000, 0x0000000083200000, 0x0000000083300000|  0%| F|  |TAMS 0x0000000083200000, 0x0000000083200000| Untracked 
|  51|0x0000000083300000, 0x0000000083300000, 0x0000000083400000|  0%| F|  |TAMS 0x0000000083300000, 0x0000000083300000| Untracked 
|  52|0x0000000083400000, 0x0000000083400000, 0x0000000083500000|  0%| F|  |TAMS 0x0000000083400000, 0x0000000083400000| Untracked 
|  53|0x0000000083500000, 0x0000000083500000, 0x0000000083600000|  0%| F|  |TAMS 0x0000000083500000, 0x0000000083500000| Untracked 
|  54|0x0000000083600000, 0x0000000083600000, 0x0000000083700000|  0%| F|  |TAMS 0x0000000083600000, 0x0000000083600000| Untracked 
|  55|0x0000000083700000, 0x0000000083700000, 0x0000000083800000|  0%| F|  |TAMS 0x0000000083700000, 0x0000000083700000| Untracked 
|  56|0x0000000083800000, 0x0000000083800000, 0x0000000083900000|  0%| F|  |TAMS 0x0000000083800000, 0x0000000083800000| Untracked 
|  57|0x0000000083900000, 0x0000000083900000, 0x0000000083a00000|  0%| F|  |TAMS 0x0000000083900000, 0x0000000083900000| Untracked 
|  58|0x0000000083a00000, 0x0000000083a00000, 0x0000000083b00000|  0%| F|  |TAMS 0x0000000083a00000, 0x0000000083a00000| Untracked 
|  59|0x0000000083b00000, 0x0000000083b00000, 0x0000000083c00000|  0%| F|  |TAMS 0x0000000083b00000, 0x0000000083b00000| Untracked 
|  60|0x0000000083c00000, 0x0000000083c00000, 0x0000000083d00000|  0%| F|  |TAMS 0x0000000083c00000, 0x0000000083c00000| Untracked 
|  61|0x0000000083d00000, 0x0000000083d00000, 0x0000000083e00000|  0%| F|  |TAMS 0x0000000083d00000, 0x0000000083d00000| Untracked 
|  62|0x0000000083e00000, 0x0000000083e00000, 0x0000000083f00000|  0%| F|  |TAMS 0x0000000083e00000, 0x0000000083e00000| Untracked 
|  63|0x0000000083f00000, 0x0000000083f00000, 0x0000000084000000|  0%| F|  |TAMS 0x0000000083f00000, 0x0000000083f00000| Untracked 
|  64|0x0000000084000000, 0x0000000084000000, 0x0000000084100000|  0%| F|  |TAMS 0x0000000084000000, 0x0000000084000000| Untracked 
|  65|0x0000000084100000, 0x0000000084100000, 0x0000000084200000|  0%| F|  |TAMS 0x0000000084100000, 0x0000000084100000| Untracked 
|  66|0x0000000084200000, 0x0000000084200000, 0x0000000084300000|  0%| F|  |TAMS 0x0000000084200000, 0x0000000084200000| Untracked 
|  67|0x0000000084300000, 0x0000000084300000, 0x0000000084400000|  0%| F|  |TAMS 0x0000000084300000, 0x0000000084300000| Untracked 
|  68|0x0000000084400000, 0x0000000084400000, 0x0000000084500000|  0%| F|  |TAMS 0x0000000084400000, 0x0000000084400000| Untracked 
|  69|0x0000000084500000, 0x0000000084500000, 0x0000000084600000|  0%| F|  |TAMS 0x0000000084500000, 0x0000000084500000| Untracked 
|  70|0x0000000084600000, 0x0000000084600000, 0x0000000084700000|  0%| F|  |TAMS 0x0000000084600000, 0x0000000084600000| Untracked 
|  71|0x0000000084700000, 0x0000000084700000, 0x0000000084800000|  0%| F|  |TAMS 0x0000000084700000, 0x0000000084700000| Untracked 
|  72|0x0000000084800000, 0x0000000084800000, 0x0000000084900000|  0%| F|  |TAMS 0x0000000084800000, 0x0000000084800000| Untracked 
|  73|0x0000000084900000, 0x0000000084900000, 0x0000000084a00000|  0%| F|  |TAMS 0x0000000084900000, 0x0000000084900000| Untracked 
|  74|0x0000000084a00000, 0x0000000084a00000, 0x0000000084b00000|  0%| F|  |TAMS 0x0000000084a00000, 0x0000000084a00000| Untracked 
|  75|0x0000000084b00000, 0x0000000084b00000, 0x0000000084c00000|  0%| F|  |TAMS 0x0000000084b00000, 0x0000000084b00000| Untracked 
|  76|0x0000000084c00000, 0x0000000084c00000, 0x0000000084d00000|  0%| F|  |TAMS 0x0000000084c00000, 0x0000000084c00000| Untracked 
|  77|0x0000000084d00000, 0x0000000084d00000, 0x0000000084e00000|  0%| F|  |TAMS 0x0000000084d00000, 0x0000000084d00000| Untracked 
|  78|0x0000000084e00000, 0x0000000084e00000, 0x0000000084f00000|  0%| F|  |TAMS 0x0000000084e00000, 0x0000000084e00000| Untracked 
|  79|0x0000000084f00000, 0x0000000084f00000, 0x0000000085000000|  0%| F|  |TAMS 0x0000000084f00000, 0x0000000084f00000| Untracked 
|  80|0x0000000085000000, 0x0000000085000000, 0x0000000085100000|  0%| F|  |TAMS 0x0000000085000000, 0x0000000085000000| Untracked 
|  81|0x0000000085100000, 0x0000000085100000, 0x0000000085200000|  0%| F|  |TAMS 0x0000000085100000, 0x0000000085100000| Untracked 
|  82|0x0000000085200000, 0x0000000085200000, 0x0000000085300000|  0%| F|  |TAMS 0x0000000085200000, 0x0000000085200000| Untracked 
|  83|0x0000000085300000, 0x0000000085300000, 0x0000000085400000|  0%| F|  |TAMS 0x0000000085300000, 0x0000000085300000| Untracked 
|  84|0x0000000085400000, 0x0000000085400000, 0x0000000085500000|  0%| F|  |TAMS 0x0000000085400000, 0x0000000085400000| Untracked 
|  85|0x0000000085500000, 0x0000000085500000, 0x0000000085600000|  0%| F|  |TAMS 0x0000000085500000, 0x0000000085500000| Untracked 
|  86|0x0000000085600000, 0x0000000085600000, 0x0000000085700000|  0%| F|  |TAMS 0x0000000085600000, 0x0000000085600000| Untracked 
|  87|0x0000000085700000, 0x0000000085700000, 0x0000000085800000|  0%| F|  |TAMS 0x0000000085700000, 0x0000000085700000| Untracked 
|  88|0x0000000085800000, 0x0000000085800000, 0x0000000085900000|  0%| F|  |TAMS 0x0000000085800000, 0x0000000085800000| Untracked 
|  89|0x0000000085900000, 0x0000000085900000, 0x0000000085a00000|  0%| F|  |TAMS 0x0000000085900000, 0x0000000085900000| Untracked 
|  90|0x0000000085a00000, 0x0000000085a00000, 0x0000000085b00000|  0%| F|  |TAMS 0x0000000085a00000, 0x0000000085a00000| Untracked 
|  91|0x0000000085b00000, 0x0000000085b00000, 0x0000000085c00000|  0%| F|  |TAMS 0x0000000085b00000, 0x0000000085b00000| Untracked 
|  92|0x0000000085c00000, 0x0000000085c00000, 0x0000000085d00000|  0%| F|  |TAMS 0x0000000085c00000, 0x0000000085c00000| Untracked 
|  93|0x0000000085d00000, 0x0000000085d00000, 0x0000000085e00000|  0%| F|  |TAMS 0x0000000085d00000, 0x0000000085d00000| Untracked 
|  94|0x0000000085e00000, 0x0000000085e00000, 0x0000000085f00000|  0%| F|  |TAMS 0x0000000085e00000, 0x0000000085e00000| Untracked 
|  95|0x0000000085f00000, 0x0000000085f00000, 0x0000000086000000|  0%| F|  |TAMS 0x0000000085f00000, 0x0000000085f00000| Untracked 
|  96|0x0000000086000000, 0x0000000086000000, 0x0000000086100000|  0%| F|  |TAMS 0x0000000086000000, 0x0000000086000000| Untracked 
|  97|0x0000000086100000, 0x0000000086100000, 0x0000000086200000|  0%| F|  |TAMS 0x0000000086100000, 0x0000000086100000| Untracked 
|  98|0x0000000086200000, 0x0000000086200000, 0x0000000086300000|  0%| F|  |TAMS 0x0000000086200000, 0x0000000086200000| Untracked 
|  99|0x0000000086300000, 0x0000000086300000, 0x0000000086400000|  0%| F|  |TAMS 0x0000000086300000, 0x0000000086300000| Untracked 
| 100|0x0000000086400000, 0x0000000086400000, 0x0000000086500000|  0%| F|  |TAMS 0x0000000086400000, 0x0000000086400000| Untracked 
| 101|0x0000000086500000, 0x0000000086500000, 0x0000000086600000|  0%| F|  |TAMS 0x0000000086500000, 0x0000000086500000| Untracked 
| 102|0x0000000086600000, 0x0000000086600000, 0x0000000086700000|  0%| F|  |TAMS 0x0000000086600000, 0x0000000086600000| Untracked 
| 103|0x0000000086700000, 0x0000000086700000, 0x0000000086800000|  0%| F|  |TAMS 0x0000000086700000, 0x0000000086700000| Untracked 
| 104|0x0000000086800000, 0x0000000086800000, 0x0000000086900000|  0%| F|  |TAMS 0x0000000086800000, 0x0000000086800000| Untracked 
| 105|0x0000000086900000, 0x0000000086900000, 0x0000000086a00000|  0%| F|  |TAMS 0x0000000086900000, 0x0000000086900000| Untracked 
| 106|0x0000000086a00000, 0x0000000086a00000, 0x0000000086b00000|  0%| F|  |TAMS 0x0000000086a00000, 0x0000000086a00000| Untracked 
| 107|0x0000000086b00000, 0x0000000086b00000, 0x0000000086c00000|  0%| F|  |TAMS 0x0000000086b00000, 0x0000000086b00000| Untracked 
| 108|0x0000000086c00000, 0x0000000086c00000, 0x0000000086d00000|  0%| F|  |TAMS 0x0000000086c00000, 0x0000000086c00000| Untracked 
| 109|0x0000000086d00000, 0x0000000086d00000, 0x0000000086e00000|  0%| F|  |TAMS 0x0000000086d00000, 0x0000000086d00000| Untracked 
| 110|0x0000000086e00000, 0x0000000086e00000, 0x0000000086f00000|  0%| F|  |TAMS 0x0000000086e00000, 0x0000000086e00000| Untracked 
| 111|0x0000000086f00000, 0x0000000086f00000, 0x0000000087000000|  0%| F|  |TAMS 0x0000000086f00000, 0x0000000086f00000| Untracked 
| 112|0x0000000087000000, 0x0000000087000000, 0x0000000087100000|  0%| F|  |TAMS 0x0000000087000000, 0x0000000087000000| Untracked 
| 113|0x0000000087100000, 0x0000000087100000, 0x0000000087200000|  0%| F|  |TAMS 0x0000000087100000, 0x0000000087100000| Untracked 
| 114|0x0000000087200000, 0x0000000087200000, 0x0000000087300000|  0%| F|  |TAMS 0x0000000087200000, 0x0000000087200000| Untracked 
| 115|0x0000000087300000, 0x0000000087300000, 0x0000000087400000|  0%| F|  |TAMS 0x0000000087300000, 0x0000000087300000| Untracked 
| 116|0x0000000087400000, 0x0000000087400000, 0x0000000087500000|  0%| F|  |TAMS 0x0000000087400000, 0x0000000087400000| Untracked 
| 117|0x0000000087500000, 0x0000000087500000, 0x0000000087600000|  0%| F|  |TAMS 0x0000000087500000, 0x0000000087500000| Untracked 
| 118|0x0000000087600000, 0x0000000087600000, 0x0000000087700000|  0%| F|  |TAMS 0x0000000087600000, 0x0000000087600000| Untracked 
| 119|0x0000000087700000, 0x0000000087700000, 0x0000000087800000|  0%| F|  |TAMS 0x0000000087700000, 0x0000000087700000| Untracked 
| 120|0x0000000087800000, 0x0000000087800000, 0x0000000087900000|  0%| F|  |TAMS 0x0000000087800000, 0x0000000087800000| Untracked 
| 121|0x0000000087900000, 0x0000000087900000, 0x0000000087a00000|  0%| F|  |TAMS 0x0000000087900000, 0x0000000087900000| Untracked 
| 122|0x0000000087a00000, 0x0000000087a85a38, 0x0000000087b00000| 52%| E|  |TAMS 0x0000000087a00000, 0x0000000087a00000| Complete 
| 123|0x0000000087b00000, 0x0000000087c00000, 0x0000000087c00000|100%| E|CS|TAMS 0x0000000087b00000, 0x0000000087b00000| Complete 
| 124|0x0000000087c00000, 0x0000000087d00000, 0x0000000087d00000|100%| E|CS|TAMS 0x0000000087c00000, 0x0000000087c00000| Complete 
| 125|0x0000000087d00000, 0x0000000087e00000, 0x0000000087e00000|100%| E|  |TAMS 0x0000000087d00000, 0x0000000087d00000| Complete 
| 126|0x0000000087e00000, 0x0000000087f00000, 0x0000000087f00000|100%| E|CS|TAMS 0x0000000087e00000, 0x0000000087e00000| Complete 
| 127|0x0000000087f00000, 0x0000000088000000, 0x0000000088000000|100%| E|CS|TAMS 0x0000000087f00000, 0x0000000087f00000| Complete 

Card table byte_map: [0x0000028db70a0000,0x0000028db74a0000] _byte_map_base: 0x0000028db6ca0000

Marking Bits (Prev, Next): (CMBitMap*) 0x0000028da45799a0, (CMBitMap*) 0x0000028da45799e0
 Prev Bits: [0x0000028db78a0000, 0x0000028db98a0000)
 Next Bits: [0x0000028db98a0000, 0x0000028dbb8a0000)

Polling page: 0x0000028da2470000

Metaspace:

Usage:
  Non-class:      8.50 MB used.
      Class:    942.62 KB used.
       Both:      9.42 MB used.

Virtual space:
  Non-class space:       64.00 MB reserved,       8.62 MB ( 13%) committed,  1 nodes.
      Class space:        1.00 GB reserved,       1.00 MB ( <1%) committed,  1 nodes.
             Both:        1.06 GB reserved,       9.62 MB ( <1%) committed. 

Chunk freelists:
   Non-Class:  7.00 MB
       Class:  15.03 MB
        Both:  22.03 MB

MaxMetaspaceSize: unlimited
CompressedClassSpaceSize: 1.00 GB
Initial GC threshold: 21.00 MB
Current GC threshold: 21.00 MB
CDS: off
MetaspaceReclaimPolicy: balanced
 - commit_granule_bytes: 65536.
 - commit_granule_words: 8192.
 - virtual_space_node_default_size: 8388608.
 - enlarge_chunks_in_place: 1.
 - new_chunks_are_fully_committed: 0.
 - uncommit_free_chunks: 1.
 - use_allocation_guard: 0.
 - handle_deallocations: 1.


Internal statistics:

num_allocs_failed_limit: 0.
num_arena_births: 62.
num_arena_deaths: 0.
num_vsnodes_births: 2.
num_vsnodes_deaths: 0.
num_space_committed: 154.
num_space_uncommitted: 0.
num_chunks_returned_to_freelist: 0.
num_chunks_taken_from_freelist: 116.
num_chunk_merges: 0.
num_chunk_splits: 63.
num_chunks_enlarged: 29.
num_inconsistent_stats: 0.

CodeHeap 'non-profiled nmethods': size=120000Kb used=137Kb max_used=137Kb free=119862Kb
 bounds [0x0000028daf770000, 0x0000028daf9e0000, 0x0000028db6ca0000]
CodeHeap 'profiled nmethods': size=120000Kb used=660Kb max_used=660Kb free=119339Kb
 bounds [0x0000028da7ca0000, 0x0000028da7f10000, 0x0000028daf1d0000]
CodeHeap 'non-nmethods': size=5760Kb used=1128Kb max_used=1155Kb free=4632Kb
 bounds [0x0000028daf1d0000, 0x0000028daf440000, 0x0000028daf770000]
 total_blobs=852 nmethods=440 adapters=325
 compilation: enabled
              stopped_count=0, restarted_count=0
 full_count=0

Compilation events (20 events):
Event: 0.458 Thread 0x0000028dc2014f40 nmethod 425 0x0000028daf790010 code [0x0000028daf790180, 0x0000028daf790338]
Event: 0.459 Thread 0x0000028da451cfd0  433       4       jdk.internal.misc.Unsafe::getInt (7 bytes)
Event: 0.459 Thread 0x0000028dc2014f40  434       4       jdk.internal.misc.Unsafe::getLong (7 bytes)
Event: 0.459 Thread 0x0000028da451cfd0 nmethod 433 0x0000028daf790490 code [0x0000028daf790600, 0x0000028daf790678]
Event: 0.459 Thread 0x0000028dc2014f40 nmethod 434 0x0000028daf790790 code [0x0000028daf790900, 0x0000028daf790978]
Event: 0.459 Thread 0x0000028dc2014f40  435       4       jdk.internal.misc.Unsafe::getIntUnaligned (12 bytes)
Event: 0.460 Thread 0x0000028dc2014f40 nmethod 435 0x0000028daf790f10 code [0x0000028daf791080, 0x0000028daf791138]
Event: 0.460 Thread 0x0000028da451cfd0  442       4       java.lang.invoke.VarHandleByteArrayAsInts$ArrayHandle::get (36 bytes)
Event: 0.460 Thread 0x0000028dc2016d20 nmethod 428 0x0000028da7d3e810 code [0x0000028da7d3ef20, 0x0000028da7d42ca8]
Event: 0.460 Thread 0x0000028dc2014f40  443       4       java.lang.invoke.VarHandleGuards::guard_LI_I (78 bytes)
Event: 0.460 Thread 0x0000028dc2016d20  429       3       sun.nio.fs.WindowsPathParser$Result::<init> (20 bytes)
Event: 0.460 Thread 0x0000028dc2016d20 nmethod 429 0x0000028da7d44310 code [0x0000028da7d444c0, 0x0000028da7d44738]
Event: 0.460 Thread 0x0000028dc2016d20  430       3       sun.nio.fs.WindowsFileAttributes::<init> (57 bytes)
Event: 0.460 Thread 0x0000028dc2016d20 nmethod 430 0x0000028da7d44810 code [0x0000028da7d449a0, 0x0000028da7d44b38]
Event: 0.460 Thread 0x0000028dc2016d20  431       3       sun.nio.fs.WindowsDirectoryStream$WindowsDirectoryIterator::isSelfOrParent (24 bytes)
Event: 0.460 Thread 0x0000028dc2016d20 nmethod 431 0x0000028da7d44c10 code [0x0000028da7d44dc0, 0x0000028da7d44ff8]
Event: 0.460 Thread 0x0000028dc2016d20  436       3       sun.security.provider.ByteArrayAccess::b2iBig64 (231 bytes)
Event: 0.461 Thread 0x0000028da451cfd0 nmethod 442 0x0000028daf791210 code [0x0000028daf7913a0, 0x0000028daf7914d8]
Event: 0.461 Thread 0x0000028da451cfd0  445 %     4       sun.security.provider.SHA::implCompress0 @ 27 (506 bytes)
Event: 0.462 Thread 0x0000028dc2014f40 nmethod 443 0x0000028daf791690 code [0x0000028daf791840, 0x0000028daf791b08]

GC Heap History (0 events):
No events

Dll operation events (1 events):
Event: 0.016 Loaded shared library C:\Program Files\JetBrains\IntelliJ IDEA 2023.2\jbr\bin\java.dll

Deoptimization events (16 events):
Event: 0.194 Thread 0x0000028da451c110 Uncommon trap: trap_request=0xffffff45 fr.pc=0x0000028daf776f8c relative=0x000000000000016c
Event: 0.194 Thread 0x0000028da451c110 Uncommon trap: reason=unstable_if action=reinterpret pc=0x0000028daf776f8c method=java.util.zip.ZipFile$Source.isMetaName([BII)Z @ 3 c2
Event: 0.194 Thread 0x0000028da451c110 DEOPT PACKING pc=0x0000028daf776f8c sp=0x000000a072efde80
Event: 0.194 Thread 0x0000028da451c110 DEOPT UNPACKING pc=0x0000028daf2269a3 sp=0x000000a072efde28 mode 2
Event: 0.261 Thread 0x0000028da451c110 Uncommon trap: trap_request=0xffffff45 fr.pc=0x0000028daf777d98 relative=0x0000000000000658
Event: 0.261 Thread 0x0000028da451c110 Uncommon trap: reason=unstable_if action=reinterpret pc=0x0000028daf777d98 method=java.util.zip.ZipCoder$UTF8ZipCoder.checkedHash([BII)I @ 75 c2
Event: 0.262 Thread 0x0000028da451c110 DEOPT PACKING pc=0x0000028daf777d98 sp=0x000000a072efdd60
Event: 0.262 Thread 0x0000028da451c110 DEOPT UNPACKING pc=0x0000028daf2269a3 sp=0x000000a072efdc40 mode 2
Event: 0.262 Thread 0x0000028da451c110 Uncommon trap: trap_request=0xffffff45 fr.pc=0x0000028daf7767b4 relative=0x0000000000000294
Event: 0.262 Thread 0x0000028da451c110 Uncommon trap: reason=unstable_if action=reinterpret pc=0x0000028daf7767b4 method=java.util.zip.ZipCoder$UTF8ZipCoder.checkedHash([BII)I @ 75 c2
Event: 0.262 Thread 0x0000028da451c110 DEOPT PACKING pc=0x0000028daf7767b4 sp=0x000000a072efdcb0
Event: 0.262 Thread 0x0000028da451c110 DEOPT UNPACKING pc=0x0000028daf2269a3 sp=0x000000a072efdc40 mode 2
Event: 0.262 Thread 0x0000028da451c110 Uncommon trap: trap_request=0xffffff45 fr.pc=0x0000028daf778708 relative=0x0000000000000168
Event: 0.262 Thread 0x0000028da451c110 Uncommon trap: reason=unstable_if action=reinterpret pc=0x0000028daf778708 method=java.util.zip.ZipFile$Source.isMetaName([BII)Z @ 15 c2
Event: 0.262 Thread 0x0000028da451c110 DEOPT PACKING pc=0x0000028daf778708 sp=0x000000a072efdd70
Event: 0.262 Thread 0x0000028da451c110 DEOPT UNPACKING pc=0x0000028daf2269a3 sp=0x000000a072efdd18 mode 2

Classes unloaded (0 events):
No events

Classes redefined (0 events):
No events

Internal exceptions (15 events):
Event: 0.314 Thread 0x0000028da451c110 Exception <a 'java/lang/NoSuchMethodError'{0x0000000087c3ef60}: 'java.lang.Object java.lang.invoke.DirectMethodHandle$Holder.invokeStatic(java.lang.Object, java.lang.Object, int)'> (0x0000000087c3ef60) 
thrown [s\src\hotspot\share\interpreter\linkResolver.cpp, line 771]
Event: 0.316 Thread 0x0000028da451c110 Exception <a 'java/lang/NoSuchMethodError'{0x0000000087c8d898}: 'void java.lang.invoke.DelegatingMethodHandle$Holder.delegate(java.lang.Object, java.lang.Object, int, java.lang.Object)'> (0x0000000087c8d898) 
thrown [s\src\hotspot\share\interpreter\linkResolver.cpp, line 771]
Event: 0.317 Thread 0x0000028da451c110 Exception <a 'java/lang/NoSuchMethodError'{0x0000000087c91ad8}: 'int java.lang.invoke.DirectMethodHandle$Holder.invokeSpecial(java.lang.Object, java.lang.Object, java.lang.Object)'> (0x0000000087c91ad8) 
thrown [s\src\hotspot\share\interpreter\linkResolver.cpp, line 771]
Event: 0.335 Thread 0x0000028da451c110 Exception <a 'java/lang/NoSuchMethodError'{0x0000000087cd4650}: 'void java.lang.invoke.DirectMethodHandle$Holder.invokeStatic(java.lang.Object, java.lang.Object, java.lang.Object)'> (0x0000000087cd4650) 
thrown [s\src\hotspot\share\interpreter\linkResolver.cpp, line 771]
Event: 0.342 Thread 0x0000028da451c110 Exception <a 'java/lang/NoSuchMethodError'{0x0000000087ce0fa0}: 'java.lang.Object java.lang.invoke.Invokers$Holder.invoke_MT(java.lang.Object, java.lang.Object, java.lang.Object)'> (0x0000000087ce0fa0) 
thrown [s\src\hotspot\share\interpreter\linkResolver.cpp, line 771]
Event: 0.345 Thread 0x0000028da451c110 Exception <a 'java/lang/NoSuchMethodError'{0x0000000087cf13e0}: 'void java.lang.invoke.DirectMethodHandle$Holder.invokeInterface(java.lang.Object, java.lang.Object, java.lang.Object)'> (0x0000000087cf13e0) 
thrown [s\src\hotspot\share\interpreter\linkResolver.cpp, line 771]
Event: 0.346 Thread 0x0000028da451c110 Exception <a 'java/lang/IncompatibleClassChangeError'{0x0000000087cf4840}: Found class java.lang.Object, but interface was expected> (0x0000000087cf4840) 
thrown [s\src\hotspot\share\interpreter\linkResolver.cpp, line 838]
Event: 0.346 Thread 0x0000028da451c110 Exception <a 'java/lang/IncompatibleClassChangeError'{0x0000000087cf5d98}: Found class java.lang.Object, but interface was expected> (0x0000000087cf5d98) 
thrown [s\src\hotspot\share\interpreter\linkResolver.cpp, line 838]
Event: 0.346 Thread 0x0000028da451c110 Exception <a 'java/lang/IncompatibleClassChangeError'{0x0000000087cf6e70}: Found class java.lang.Object, but interface was expected> (0x0000000087cf6e70) 
thrown [s\src\hotspot\share\interpreter\linkResolver.cpp, line 838]
Event: 0.347 Thread 0x0000028da451c110 Exception <a 'java/lang/IncompatibleClassChangeError'{0x0000000087cf8350}: Found class java.lang.Object, but interface was expected> (0x0000000087cf8350) 
thrown [s\src\hotspot\share\interpreter\linkResolver.cpp, line 838]
Event: 0.347 Thread 0x0000028da451c110 Exception <a 'java/lang/IncompatibleClassChangeError'{0x0000000087cf92e8}: Found class java.lang.Object, but interface was expected> (0x0000000087cf92e8) 
thrown [s\src\hotspot\share\interpreter\linkResolver.cpp, line 838]
Event: 0.347 Thread 0x0000028da451c110 Exception <a 'java/lang/NoSuchMethodError'{0x0000000087cfbfd8}: 'void java.lang.invoke.DirectMethodHandle$Holder.invokeStatic(java.lang.Object, java.lang.Object)'> (0x0000000087cfbfd8) 
thrown [s\src\hotspot\share\interpreter\linkResolver.cpp, line 771]
Event: 0.347 Thread 0x0000028da451c110 Exception <a 'java/lang/NoSuchMethodError'{0x0000000087cff648}: 'void java.lang.invoke.DirectMethodHandle$Holder.invokeStaticInit(java.lang.Object, java.lang.Object)'> (0x0000000087cff648) 
thrown [s\src\hotspot\share\interpreter\linkResolver.cpp, line 771]
Event: 0.365 Thread 0x0000028da451c110 Exception <a 'java/lang/NoSuchMethodError'{0x0000000087b12870}: 'java.lang.Object java.lang.invoke.DirectMethodHandle$Holder.invokeStaticInit(java.lang.Object)'> (0x0000000087b12870) 
thrown [s\src\hotspot\share\interpreter\linkResolver.cpp, line 771]
Event: 0.413 Thread 0x0000028da451c110 Exception <a 'java/lang/NoSuchMethodError'{0x0000000087ba4c60}: 'java.lang.Object java.lang.invoke.DirectMethodHandle$Holder.invokeStaticInit(java.lang.Object, int, int, int, int)'> (0x0000000087ba4c60) 
thrown [s\src\hotspot\share\interpreter\linkResolver.cpp, line 771]

VM Operations (6 events):
Event: 0.201 Executing VM operation: HandshakeAllThreads
Event: 0.201 Executing VM operation: HandshakeAllThreads done
Event: 0.291 Executing VM operation: HandshakeAllThreads
Event: 0.291 Executing VM operation: HandshakeAllThreads done
Event: 0.353 Executing VM operation: HandshakeAllThreads
Event: 0.353 Executing VM operation: HandshakeAllThreads done

Events (20 events):
Event: 0.426 loading class java/lang/constant/DynamicConstantDesc done
Event: 0.426 loading class java/lang/constant/PrimitiveClassDescImpl done
Event: 0.426 loading class java/lang/constant/DynamicConstantDesc$AnonymousDynamicConstantDesc
Event: 0.426 loading class java/lang/constant/DynamicConstantDesc$AnonymousDynamicConstantDesc done
Event: 0.432 loading class java/net/NetworkInterface$1
Event: 0.432 loading class java/net/NetworkInterface$1 done
Event: 0.451 loading class java/nio/file/Files$AcceptAllFilter
Event: 0.451 loading class java/nio/file/DirectoryStream$Filter
Event: 0.451 loading class java/nio/file/DirectoryStream$Filter done
Event: 0.451 loading class java/nio/file/Files$AcceptAllFilter done
Event: 0.451 loading class sun/nio/fs/WindowsDirectoryStream
Event: 0.451 loading class java/nio/file/DirectoryStream
Event: 0.451 loading class java/nio/file/DirectoryStream done
Event: 0.451 loading class sun/nio/fs/WindowsDirectoryStream done
Event: 0.451 loading class sun/nio/fs/WindowsDirectoryStream$WindowsDirectoryIterator
Event: 0.451 loading class sun/nio/fs/WindowsDirectoryStream$WindowsDirectoryIterator done
Event: 0.452 loading class sun/nio/fs/WindowsPath$WindowsPathWithAttributes
Event: 0.452 loading class sun/nio/fs/BasicFileAttributesHolder
Event: 0.452 loading class sun/nio/fs/BasicFileAttributesHolder done
Event: 0.452 loading class sun/nio/fs/WindowsPath$WindowsPathWithAttributes done


Dynamic libraries:
0x00007ff634bb0000 - 0x00007ff634bba000 	C:\Program Files\JetBrains\IntelliJ IDEA 2023.2\jbr\bin\java.exe
0x00007fff03690000 - 0x00007fff03885000 	C:\Windows\SYSTEM32\ntdll.dll
0x00007fff02a20000 - 0x00007fff02add000 	C:\Windows\System32\KERNEL32.DLL
0x00007fff01290000 - 0x00007fff01558000 	C:\Windows\System32\KERNELBASE.dll
0x00007fff01190000 - 0x00007fff01290000 	C:\Windows\System32\ucrtbase.dll
0x00007ffef5d20000 - 0x00007ffef5d37000 	C:\Program Files\JetBrains\IntelliJ IDEA 2023.2\jbr\bin\jli.dll
0x00007fff03040000 - 0x00007fff031e0000 	C:\Windows\System32\USER32.dll
0x00007fff016c0000 - 0x00007fff016e2000 	C:\Windows\System32\win32u.dll
0x00007fff02ee0000 - 0x00007fff02f0a000 	C:\Windows\System32\GDI32.dll
0x00007fff00fd0000 - 0x00007fff010db000 	C:\Windows\System32\gdi32full.dll
0x00007fff00e00000 - 0x00007fff00e9d000 	C:\Windows\System32\msvcp_win.dll
0x00007ffee4540000 - 0x00007ffee455b000 	C:\Program Files\JetBrains\IntelliJ IDEA 2023.2\jbr\bin\VCRUNTIME140.dll
0x00007ffee6d90000 - 0x00007ffee702a000 	C:\Windows\WinSxS\amd64_microsoft.windows.common-controls_6595b64144ccf1df_6.0.19041.844_none_ca00b6081b84eb1d\COMCTL32.dll
0x00007fff02ae0000 - 0x00007fff02b7e000 	C:\Windows\System32\msvcrt.dll
0x00007fff02df0000 - 0x00007fff02e20000 	C:\Windows\System32\IMM32.DLL
0x00007ffefa9d0000 - 0x00007ffefa9dc000 	C:\Program Files\JetBrains\IntelliJ IDEA 2023.2\jbr\bin\vcruntime140_1.dll
0x00007ffebc020000 - 0x00007ffebc0ad000 	C:\Program Files\JetBrains\IntelliJ IDEA 2023.2\jbr\bin\msvcp140.dll
0x00007ffebac20000 - 0x00007ffebb8a0000 	C:\Program Files\JetBrains\IntelliJ IDEA 2023.2\jbr\bin\server\jvm.dll
0x00007fff02ca0000 - 0x00007fff02d4c000 	C:\Windows\System32\ADVAPI32.dll
0x00007fff01c00000 - 0x00007fff01c9b000 	C:\Windows\System32\sechost.dll
0x00007fff02f10000 - 0x00007fff0303b000 	C:\Windows\System32\RPCRT4.dll
0x00007ffeef6f0000 - 0x00007ffeef717000 	C:\Windows\SYSTEM32\WINMM.dll
0x00007ffefe3e0000 - 0x00007ffefe3e9000 	C:\Windows\SYSTEM32\WSOCK32.dll
0x00007ffefa2c0000 - 0x00007ffefa2ca000 	C:\Windows\SYSTEM32\VERSION.dll
0x00007fff02770000 - 0x00007fff027db000 	C:\Windows\System32\WS2_32.dll
0x00007ffefed10000 - 0x00007ffefed22000 	C:\Windows\SYSTEM32\kernel.appcore.dll
0x00007ffefbc70000 - 0x00007ffefbc7a000 	C:\Program Files\JetBrains\IntelliJ IDEA 2023.2\jbr\bin\jimage.dll
0x00007ffeeb510000 - 0x00007ffeeb6f4000 	C:\Windows\SYSTEM32\DBGHELP.DLL
0x00007ffee9790000 - 0x00007ffee97bc000 	C:\Windows\SYSTEM32\dbgcore.DLL
0x00007fff00ef0000 - 0x00007fff00f70000 	C:\Windows\System32\bcryptPrimitives.dll
0x00007ffefbc40000 - 0x00007ffefbc65000 	C:\Program Files\JetBrains\IntelliJ IDEA 2023.2\jbr\bin\java.dll
0x00007ffefbc20000 - 0x00007ffefbc38000 	C:\Program Files\JetBrains\IntelliJ IDEA 2023.2\jbr\bin\zip.dll
0x00007fff01f10000 - 0x00007fff02652000 	C:\Windows\System32\SHELL32.dll
0x00007ffefef10000 - 0x00007ffeff6a1000 	C:\Windows\SYSTEM32\windows.storage.dll
0x00007fff016f0000 - 0x00007fff01a45000 	C:\Windows\System32\combase.dll
0x00007fff00840000 - 0x00007fff0086c000 	C:\Windows\SYSTEM32\Wldp.dll
0x00007fff01ca0000 - 0x00007fff01d4e000 	C:\Windows\System32\SHCORE.dll
0x00007fff028d0000 - 0x00007fff02925000 	C:\Windows\System32\shlwapi.dll
0x00007fff00d10000 - 0x00007fff00d2f000 	C:\Windows\SYSTEM32\profapi.dll
0x00007ffef78d0000 - 0x00007ffef78e9000 	C:\Program Files\JetBrains\IntelliJ IDEA 2023.2\jbr\bin\net.dll
0x00007ffeefac0000 - 0x00007ffeefbcb000 	C:\Windows\SYSTEM32\WINHTTP.dll
0x00007fff005b0000 - 0x00007fff0061a000 	C:\Windows\system32\mswsock.dll
0x00007ffef78b0000 - 0x00007ffef78c6000 	C:\Program Files\JetBrains\IntelliJ IDEA 2023.2\jbr\bin\nio.dll
0x00007fff00250000 - 0x00007fff0028b000 	C:\Windows\SYSTEM32\IPHLPAPI.DLL
0x00007fff01dd0000 - 0x00007fff01dd8000 	C:\Windows\System32\NSI.dll
0x00007ffef7040000 - 0x00007ffef7057000 	C:\Windows\SYSTEM32\dhcpcsvc6.DLL
0x00007ffef73d0000 - 0x00007ffef73ed000 	C:\Windows\SYSTEM32\dhcpcsvc.DLL
0x00007fff002a0000 - 0x00007fff0036c000 	C:\Windows\SYSTEM32\DNSAPI.dll
0x00007fff00780000 - 0x00007fff00798000 	C:\Windows\SYSTEM32\CRYPTSP.dll
0x00007ffeffee0000 - 0x00007ffefff14000 	C:\Windows\system32\rsaenh.dll
0x00007fff00dd0000 - 0x00007fff00df7000 	C:\Windows\System32\bcrypt.dll
0x00007fff00cd0000 - 0x00007fff00cfe000 	C:\Windows\SYSTEM32\USERENV.dll
0x00007fff007a0000 - 0x00007fff007ac000 	C:\Windows\SYSTEM32\CRYPTBASE.dll

dbghelp: loaded successfully - version: 4.0.5 - missing functions: none
symbol engine: initialized successfully - sym options: 0x614 - pdb path: .;C:\Program Files\JetBrains\IntelliJ IDEA 2023.2\jbr\bin;C:\Windows\SYSTEM32;C:\Windows\WinSxS\amd64_microsoft.windows.common-controls_6595b64144ccf1df_6.0.19041.844_none_ca00b6081b84eb1d;C:\Program Files\JetBrains\IntelliJ IDEA 2023.2\jbr\bin\server

VM Arguments:
jvm_args: -Djava.rmi.server.hostname=127.0.0.1 -Duser.timezone=UTC -Xmx2048m -Xms128m -Djna.boot.library.path=C:\Program Files\JetBrains\IntelliJ IDEA 2023.2/lib/jna/amd64 -Djna.nosys=true -Djna.noclasspath=true -Djdbc.classpath=C:\Program Files\JetBrains\IntelliJ IDEA 2023.2\plugins\DatabaseTools\lib\jdbc-console.jar;C:\Users\DANG HAI\AppData\Roaming\JetBrains\IntelliJIdea2023.2\jdbc-drivers\MySQL ConnectorJ\8.0.25\mysql-connector-java-8.0.25.jar --add-exports=java.desktop/sun.awt=ALL-UNNAMED --add-exports=java.desktop/java.awt.peer=ALL-UNNAMED --add-opens=java.desktop/java.awt=ALL-UNNAMED --add-opens=jdk.unsupported/sun.misc=ALL-UNNAMED --add-opens=java.base/java.nio=ALL-UNNAMED --add-opens=java.base/java.util=ALL-UNNAMED -Dfile.encoding=UTF-8 
java_command: com.intellij.database.remote.RemoteJdbcServer com.mysql.cj.jdbc.Driver
java_class_path (initial): C:\Program Files\JetBrains\IntelliJ IDEA 2023.2\lib\util_rt.jar;C:\Program Files\JetBrains\IntelliJ IDEA 2023.2\lib\util-8.jar;C:\Program Files\JetBrains\IntelliJ IDEA 2023.2\lib\groovy.jar;C:\Program Files\JetBrains\IntelliJ IDEA 2023.2\plugins\DatabaseTools\lib\jdbc-console.jar;C:\Program Files\JetBrains\IntelliJ IDEA 2023.2\plugins\grid-core-impl\lib\jdbc-console-types.jar;C:\Program Files\JetBrains\IntelliJ IDEA 2023.2\lib\util.jar;C:\Program Files\JetBrains\IntelliJ IDEA 2023.2\lib\bouncy-castle.jar
Launcher Type: SUN_STANDARD

[Global flags]
     intx CICompilerCount                          = 3                                         {product} {ergonomic}
     uint ConcGCThreads                            = 1                                         {product} {ergonomic}
     uint G1ConcRefinementThreads                  = 4                                         {product} {ergonomic}
   size_t G1HeapRegionSize                         = 1048576                                   {product} {ergonomic}
    uintx GCDrainStackTargetSize                   = 64                                        {product} {ergonomic}
   size_t InitialHeapSize                          = 134217728                                 {product} {command line}
   size_t MarkStackSize                            = 4194304                                   {product} {ergonomic}
   size_t MaxHeapSize                              = 2147483648                                {product} {command line}
   size_t MaxNewSize                               = 1287651328                                {product} {ergonomic}
   size_t MinHeapDeltaBytes                        = 1048576                                   {product} {ergonomic}
   size_t MinHeapSize                              = 134217728                                 {product} {command line}
    uintx NonNMethodCodeHeapSize                   = 5832780                                {pd product} {ergonomic}
    uintx NonProfiledCodeHeapSize                  = 122912730                              {pd product} {ergonomic}
    uintx ProfiledCodeHeapSize                     = 122912730                              {pd product} {ergonomic}
    uintx ReservedCodeCacheSize                    = 251658240                              {pd product} {ergonomic}
     bool SegmentedCodeCache                       = true                                      {product} {ergonomic}
   size_t SoftMaxHeapSize                          = 2147483648                             {manageable} {ergonomic}
     bool UseCompressedClassPointers               = true                           {product lp64_product} {ergonomic}
     bool UseCompressedOops                        = true                           {product lp64_product} {ergonomic}
     bool UseG1GC                                  = true                                      {product} {ergonomic}
     bool UseLargePagesIndividualAllocation        = false                                  {pd product} {ergonomic}

Logging:
Log output configuration:
 #0: stdout all=warning uptime,level,tags
 #1: stderr all=off uptime,level,tags

Environment Variables:
PATH=C:\Windows\system32;C:\Windows;C:\Windows\System32\Wbem;C:\Windows\System32\WindowsPowerShell\v1.0\;C:\Windows\System32\OpenSSH\;C:\Program Files (x86)\NVIDIA Corporation\PhysX\Common;C:\Program Files\NVIDIA Corporation\NVIDIA NvDLISR;C:\Program Files\Git\cmd;C:\Program Files\MySQL\MySQL Shell 8.0\bin\;C:\Users\DANG HAI\AppData\Local\Microsoft\WindowsApps;C:\Program Files\JetBrains\IntelliJ IDEA 2023.2\bin;;C:\Program Files\JetBrains\WebStorm 2023.2\bin;;C:\Users\DANG HAI\AppData\Local\GitHubDesktop\bin
USERNAME=DANG HAI
OS=Windows_NT
PROCESSOR_IDENTIFIER=Intel64 Family 6 Model 158 Stepping 9, GenuineIntel
TMP=C:\Temp
TEMP=C:\Temp


JNI global refs:
JNI global refs: 14, weak refs: 0

JNI global refs memory usage: 843, weak refs: 209

OOME stack traces (most recent first):
Classloader memory used:
Loader bootstrap                                                                       : 1178K
Loader jdk.internal.loader.ClassLoaders$AppClassLoader                                 : 16767B
Loader jdk.internal.loader.ClassLoaders$PlatformClassLoader                            : 6020B
Loader com.intellij.database.remote.jdbc.impl.JdbcClassLoader$JdbcClassLoaderImpl      : 4423B


---------------  S Y S T E M  ---------------

OS:
 Windows 10 , 64 bit Build 19041 (10.0.19041.804)
OS uptime: 1 days 23:20 hours

CPU: total 4 (initial active 4) (4 cores per cpu, 1 threads per core) family 6 model 158 stepping 9 microcode 0xb4, cx8, cmov, fxsr, mmx, 3dnowpref, sse, sse2, sse3, ssse3, sse4.1, sse4.2, popcnt, lzcnt, tsc, tscinvbit, avx, avx2, aes, erms, clmul, bmi1, bmi2, adx, fma, vzeroupper, clflush, clflushopt

Memory: 4k page, system-wide physical 8076M (806M free)
TotalPageFile size 16268M (AvailPageFile size 1M)
current process WorkingSet (physical memory assigned to process): 50M, peak: 50M
current process commit charge ("private bytes"): 204M, peak: 205M

vm_info: OpenJDK 64-Bit Server VM (17.0.7+7-b1000.6) for windows-amd64 JRE (17.0.7+7-b1000.6), built on 2023-07-07 by "builduser" with MS VC++ 16.10 / 16.11 (VS2019)

END.
